{
    "status": "Error",
    "errors": [
        {
            "line": 3,
            "level": "WARNING",
            "message": "Lỗi chưa định nghĩa: unused parameter 'a' [-Wunused-parameter]",
            "fix": "Chưa có gợi ý trong KB. Hãy kiểm tra cú pháp dòng này.",
            "raw": "temp_check.cpp:3:13: warning: unused parameter 'a' [-Wunused-parameter]"
        },
        {
            "line": 3,
            "level": "WARNING",
            "message": "Lỗi chưa định nghĩa: unused parameter 'b' [-Wunused-parameter]",
            "fix": "Chưa có gợi ý trong KB. Hãy kiểm tra cú pháp dòng này.",
            "raw": "temp_check.cpp:3:20: warning: unused parameter 'b' [-Wunused-parameter]"
        },
        {
            "line": 7,
            "level": "ERROR",
            "message": "Lỗi chưa định nghĩa: integer literal is too large to be represented in any integer type",
            "fix": "Chưa có gợi ý trong KB. Hãy kiểm tra cú pháp dòng này.",
            "raw": "temp_check.cpp:7:24: error: integer literal is too large to be represented in any integer type"
        },
        {
            "line": 9,
            "level": "ERROR",
            "message": "Lỗi chưa định nghĩa: cannot assign to variable 'b' with const-qualified type 'const int'",
            "fix": "Chưa có gợi ý trong KB. Hãy kiểm tra cú pháp dòng này.",
            "raw": "temp_check.cpp:9:7: error: cannot assign to variable 'b' with const-qualified type 'const int'"
        },
        {
            "line": 10,
            "level": "ERROR",
            "message": "Lỗi chưa định nghĩa: redefinition of 'n' with a different type: 'int' vs 'long long'",
            "fix": "Chưa có gợi ý trong KB. Hãy kiểm tra cú pháp dòng này.",
            "raw": "temp_check.cpp:10:9: error: redefinition of 'n' with a different type: 'int' vs 'long long'"
        },
        {
            "line": 10,
            "level": "ERROR",
            "message": "Lỗi chưa định nghĩa: no matching function for call to 'sum'",
            "fix": "Chưa có gợi ý trong KB. Hãy kiểm tra cú pháp dòng này.",
            "raw": "temp_check.cpp:10:13: error: no matching function for call to 'sum'"
        },
        {
            "line": 16,
            "level": "ERROR",
            "message": "Lỗi chưa định nghĩa: no matching function for call to 'swap'",
            "fix": "Chưa có gợi ý trong KB. Hãy kiểm tra cú pháp dòng này.",
            "raw": "temp_check.cpp:16:31: error: no matching function for call to 'swap'"
        },
        {
            "line": 16,
            "level": "ERROR",
            "message": "Lỗi chưa định nghĩa: expected ';' after expression",
            "fix": "Chưa có gợi ý trong KB. Hãy kiểm tra cú pháp dòng này.",
            "raw": "temp_check.cpp:16:43: error: expected ';' after expression"
        },
        {
            "line": 18,
            "level": "ERROR",
            "message": "Lỗi chưa định nghĩa: expected '}'",
            "fix": "Chưa có gợi ý trong KB. Hãy kiểm tra cú pháp dòng này.",
            "raw": "temp_check.cpp:18:6: error: expected '}'"
        }
    ]
}